<?xml version="1.0" encoding="UTF-8"?>
<testsuite name="stickman.model.Entity_Folder.Platform_Folder.IcyPlatformTest" tests="8" skipped="0" failures="0" errors="0" timestamp="2019-10-06T12:31:01" hostname="PUGGGLLLEEE" time="0.007">
  <properties/>
  <testcase name="getImagePath" classname="stickman.model.Entity_Folder.Platform_Folder.IcyPlatformTest" time="0.002"/>
  <testcase name="getXPos" classname="stickman.model.Entity_Folder.Platform_Folder.IcyPlatformTest" time="0.0"/>
  <testcase name="getYPos" classname="stickman.model.Entity_Folder.Platform_Folder.IcyPlatformTest" time="0.0"/>
  <testcase name="getstay" classname="stickman.model.Entity_Folder.Platform_Folder.IcyPlatformTest" time="0.0"/>
  <testcase name="getHeight" classname="stickman.model.Entity_Folder.Platform_Folder.IcyPlatformTest" time="0.001"/>
  <testcase name="PlatformMaker" classname="stickman.model.Entity_Folder.Platform_Folder.IcyPlatformTest" time="0.0"/>
  <testcase name="getLayer" classname="stickman.model.Entity_Folder.Platform_Folder.IcyPlatformTest" time="0.0"/>
  <testcase name="getWidth" classname="stickman.model.Entity_Folder.Platform_Folder.IcyPlatformTest" time="0.001"/>
  <system-out><![CDATA[]]></system-out>
  <system-err><![CDATA[]]></system-err>
</testsuite>
