<?xml version="1.0" encoding="UTF-8"?>
<testsuite name="stickman.model.Stat_readerTest_Ice" tests="1" skipped="0" failures="0" errors="0" timestamp="2019-10-06T12:31:01" hostname="PUGGGLLLEEE" time="0.001">
  <properties/>
  <testcase name="getLevel_type" classname="stickman.model.Stat_readerTest_Ice" time="0.001"/>
  <system-out><![CDATA[]]></system-out>
  <system-err><![CDATA[]]></system-err>
</testsuite>
