<?xml version="1.0" encoding="UTF-8"?>
<testsuite name="stickman.model.Entity_Folder.Hero_Folder.WindyTest" tests="3" skipped="0" failures="0" errors="0" timestamp="2019-10-06T12:31:01" hostname="PUGGGLLLEEE" time="0.005">
  <properties/>
  <testcase name="getBehaviour" classname="stickman.model.Entity_Folder.Hero_Folder.WindyTest" time="0.002"/>
  <testcase name="test_if_Windy" classname="stickman.model.Entity_Folder.Hero_Folder.WindyTest" time="0.001"/>
  <testcase name="do_behaviour" classname="stickman.model.Entity_Folder.Hero_Folder.WindyTest" time="0.001"/>
  <system-out><![CDATA[]]></system-out>
  <system-err><![CDATA[]]></system-err>
</testsuite>
